CRITICAL - 2024-01-25 01:06:09 --> Class "codeigniter\Model" not found
in APPPATH\Models\proveedorModel.php on line 6.
 1 SYSTEMPATH\Autoloader\Autoloader.php(312): include_once()
 2 SYSTEMPATH\Autoloader\Autoloader.php(291): CodeIgniter\Autoloader\Autoloader->includeFile('C:\\xampp\\htdocs\\api\\app\\Models\\proveedorModel.php')
 3 SYSTEMPATH\Autoloader\Autoloader.php(269): CodeIgniter\Autoloader\Autoloader->loadInNamespace('App\\Models\\proveedorModel')
 4 APPPATH\Controllers\proveedorController.php(10): CodeIgniter\Autoloader\Autoloader->loadClass('App\\Models\\proveedorModel')
 5 SYSTEMPATH\CodeIgniter.php(942): App\Controllers\proveedorController->index()
 6 SYSTEMPATH\CodeIgniter.php(502): CodeIgniter\CodeIgniter->runController(Object(App\Controllers\proveedorController))
 7 SYSTEMPATH\CodeIgniter.php(361): CodeIgniter\CodeIgniter->handleRequest(null, Object(Config\Cache), false)
 8 FCPATH\index.php(79): CodeIgniter\CodeIgniter->run()
CRITICAL - 2024-01-25 01:06:09 --> Class "codeigniter\Model" not found
in APPPATH\Models\proveedorModel.php on line 6.
 1 SYSTEMPATH\Autoloader\Autoloader.php(312): include_once()
 2 SYSTEMPATH\Autoloader\Autoloader.php(291): CodeIgniter\Autoloader\Autoloader->includeFile('C:\\xampp\\htdocs\\api\\app\\Models\\proveedorModel.php')
 3 SYSTEMPATH\Autoloader\Autoloader.php(269): CodeIgniter\Autoloader\Autoloader->loadInNamespace('App\\Models\\proveedorModel')
 4 APPPATH\Controllers\proveedorController.php(10): CodeIgniter\Autoloader\Autoloader->loadClass('App\\Models\\proveedorModel')
 5 SYSTEMPATH\CodeIgniter.php(942): App\Controllers\proveedorController->index()
 6 SYSTEMPATH\CodeIgniter.php(502): CodeIgniter\CodeIgniter->runController(Object(App\Controllers\proveedorController))
 7 SYSTEMPATH\CodeIgniter.php(361): CodeIgniter\CodeIgniter->handleRequest(null, Object(Config\Cache), false)
 8 FCPATH\index.php(79): CodeIgniter\CodeIgniter->run()
CRITICAL - 2024-01-25 01:06:46 --> Class "codeigniter\Model" not found
in APPPATH\Models\proveedorModel.php on line 6.
 1 SYSTEMPATH\Autoloader\Autoloader.php(312): include_once()
 2 SYSTEMPATH\Autoloader\Autoloader.php(291): CodeIgniter\Autoloader\Autoloader->includeFile('C:\\xampp\\htdocs\\api\\app\\Models\\proveedorModel.php')
 3 SYSTEMPATH\Autoloader\Autoloader.php(269): CodeIgniter\Autoloader\Autoloader->loadInNamespace('App\\Models\\proveedorModel')
 4 APPPATH\Controllers\proveedorController.php(10): CodeIgniter\Autoloader\Autoloader->loadClass('App\\Models\\proveedorModel')
 5 SYSTEMPATH\CodeIgniter.php(942): App\Controllers\proveedorController->index()
 6 SYSTEMPATH\CodeIgniter.php(502): CodeIgniter\CodeIgniter->runController(Object(App\Controllers\proveedorController))
 7 SYSTEMPATH\CodeIgniter.php(361): CodeIgniter\CodeIgniter->handleRequest(null, Object(Config\Cache), false)
 8 FCPATH\index.php(79): CodeIgniter\CodeIgniter->run()
CRITICAL - 2024-01-25 01:06:47 --> Class "codeigniter\Model" not found
in APPPATH\Models\proveedorModel.php on line 6.
 1 SYSTEMPATH\Autoloader\Autoloader.php(312): include_once()
 2 SYSTEMPATH\Autoloader\Autoloader.php(291): CodeIgniter\Autoloader\Autoloader->includeFile('C:\\xampp\\htdocs\\api\\app\\Models\\proveedorModel.php')
 3 SYSTEMPATH\Autoloader\Autoloader.php(269): CodeIgniter\Autoloader\Autoloader->loadInNamespace('App\\Models\\proveedorModel')
 4 APPPATH\Controllers\proveedorController.php(10): CodeIgniter\Autoloader\Autoloader->loadClass('App\\Models\\proveedorModel')
 5 SYSTEMPATH\CodeIgniter.php(942): App\Controllers\proveedorController->index()
 6 SYSTEMPATH\CodeIgniter.php(502): CodeIgniter\CodeIgniter->runController(Object(App\Controllers\proveedorController))
 7 SYSTEMPATH\CodeIgniter.php(361): CodeIgniter\CodeIgniter->handleRequest(null, Object(Config\Cache), false)
 8 FCPATH\index.php(79): CodeIgniter\CodeIgniter->run()
CRITICAL - 2024-01-25 01:06:47 --> Class "codeigniter\Model" not found
in APPPATH\Models\proveedorModel.php on line 6.
 1 SYSTEMPATH\Autoloader\Autoloader.php(312): include_once()
 2 SYSTEMPATH\Autoloader\Autoloader.php(291): CodeIgniter\Autoloader\Autoloader->includeFile('C:\\xampp\\htdocs\\api\\app\\Models\\proveedorModel.php')
 3 SYSTEMPATH\Autoloader\Autoloader.php(269): CodeIgniter\Autoloader\Autoloader->loadInNamespace('App\\Models\\proveedorModel')
 4 APPPATH\Controllers\proveedorController.php(10): CodeIgniter\Autoloader\Autoloader->loadClass('App\\Models\\proveedorModel')
 5 SYSTEMPATH\CodeIgniter.php(942): App\Controllers\proveedorController->index()
 6 SYSTEMPATH\CodeIgniter.php(502): CodeIgniter\CodeIgniter->runController(Object(App\Controllers\proveedorController))
 7 SYSTEMPATH\CodeIgniter.php(361): CodeIgniter\CodeIgniter->handleRequest(null, Object(Config\Cache), false)
 8 FCPATH\index.php(79): CodeIgniter\CodeIgniter->run()
CRITICAL - 2024-01-25 01:06:47 --> Class "codeigniter\Model" not found
in APPPATH\Models\proveedorModel.php on line 6.
 1 SYSTEMPATH\Autoloader\Autoloader.php(312): include_once()
 2 SYSTEMPATH\Autoloader\Autoloader.php(291): CodeIgniter\Autoloader\Autoloader->includeFile('C:\\xampp\\htdocs\\api\\app\\Models\\proveedorModel.php')
 3 SYSTEMPATH\Autoloader\Autoloader.php(269): CodeIgniter\Autoloader\Autoloader->loadInNamespace('App\\Models\\proveedorModel')
 4 APPPATH\Controllers\proveedorController.php(10): CodeIgniter\Autoloader\Autoloader->loadClass('App\\Models\\proveedorModel')
 5 SYSTEMPATH\CodeIgniter.php(942): App\Controllers\proveedorController->index()
 6 SYSTEMPATH\CodeIgniter.php(502): CodeIgniter\CodeIgniter->runController(Object(App\Controllers\proveedorController))
 7 SYSTEMPATH\CodeIgniter.php(361): CodeIgniter\CodeIgniter->handleRequest(null, Object(Config\Cache), false)
 8 FCPATH\index.php(79): CodeIgniter\CodeIgniter->run()
CRITICAL - 2024-01-25 01:06:48 --> Class "codeigniter\Model" not found
in APPPATH\Models\proveedorModel.php on line 6.
 1 SYSTEMPATH\Autoloader\Autoloader.php(312): include_once()
 2 SYSTEMPATH\Autoloader\Autoloader.php(291): CodeIgniter\Autoloader\Autoloader->includeFile('C:\\xampp\\htdocs\\api\\app\\Models\\proveedorModel.php')
 3 SYSTEMPATH\Autoloader\Autoloader.php(269): CodeIgniter\Autoloader\Autoloader->loadInNamespace('App\\Models\\proveedorModel')
 4 APPPATH\Controllers\proveedorController.php(10): CodeIgniter\Autoloader\Autoloader->loadClass('App\\Models\\proveedorModel')
 5 SYSTEMPATH\CodeIgniter.php(942): App\Controllers\proveedorController->index()
 6 SYSTEMPATH\CodeIgniter.php(502): CodeIgniter\CodeIgniter->runController(Object(App\Controllers\proveedorController))
 7 SYSTEMPATH\CodeIgniter.php(361): CodeIgniter\CodeIgniter->handleRequest(null, Object(Config\Cache), false)
 8 FCPATH\index.php(79): CodeIgniter\CodeIgniter->run()
CRITICAL - 2024-01-25 01:07:15 --> Class "codeigniter\Model" not found
in APPPATH\Models\proveedorModel.php on line 6.
 1 SYSTEMPATH\Autoloader\Autoloader.php(312): include_once()
 2 SYSTEMPATH\Autoloader\Autoloader.php(291): CodeIgniter\Autoloader\Autoloader->includeFile('C:\\xampp\\htdocs\\api\\app\\Models\\proveedorModel.php')
 3 SYSTEMPATH\Autoloader\Autoloader.php(269): CodeIgniter\Autoloader\Autoloader->loadInNamespace('App\\Models\\proveedorModel')
 4 APPPATH\Controllers\proveedorController.php(10): CodeIgniter\Autoloader\Autoloader->loadClass('App\\Models\\proveedorModel')
 5 SYSTEMPATH\CodeIgniter.php(942): App\Controllers\proveedorController->index()
 6 SYSTEMPATH\CodeIgniter.php(502): CodeIgniter\CodeIgniter->runController(Object(App\Controllers\proveedorController))
 7 SYSTEMPATH\CodeIgniter.php(361): CodeIgniter\CodeIgniter->handleRequest(null, Object(Config\Cache), false)
 8 FCPATH\index.php(79): CodeIgniter\CodeIgniter->run()
CRITICAL - 2024-01-25 01:07:30 --> Class "codeigniter\Model" not found
in APPPATH\Models\proveedorModel.php on line 6.
 1 SYSTEMPATH\Autoloader\Autoloader.php(312): include_once()
 2 SYSTEMPATH\Autoloader\Autoloader.php(291): CodeIgniter\Autoloader\Autoloader->includeFile('C:\\xampp\\htdocs\\api\\app\\Models\\proveedorModel.php')
 3 SYSTEMPATH\Autoloader\Autoloader.php(269): CodeIgniter\Autoloader\Autoloader->loadInNamespace('App\\Models\\proveedorModel')
 4 APPPATH\Controllers\proveedorController.php(10): CodeIgniter\Autoloader\Autoloader->loadClass('App\\Models\\proveedorModel')
 5 SYSTEMPATH\CodeIgniter.php(942): App\Controllers\proveedorController->index()
 6 SYSTEMPATH\CodeIgniter.php(502): CodeIgniter\CodeIgniter->runController(Object(App\Controllers\proveedorController))
 7 SYSTEMPATH\CodeIgniter.php(361): CodeIgniter\CodeIgniter->handleRequest(null, Object(Config\Cache), false)
 8 FCPATH\index.php(79): CodeIgniter\CodeIgniter->run()
CRITICAL - 2024-01-25 01:07:30 --> Class "codeigniter\Model" not found
in APPPATH\Models\proveedorModel.php on line 6.
 1 SYSTEMPATH\Autoloader\Autoloader.php(312): include_once()
 2 SYSTEMPATH\Autoloader\Autoloader.php(291): CodeIgniter\Autoloader\Autoloader->includeFile('C:\\xampp\\htdocs\\api\\app\\Models\\proveedorModel.php')
 3 SYSTEMPATH\Autoloader\Autoloader.php(269): CodeIgniter\Autoloader\Autoloader->loadInNamespace('App\\Models\\proveedorModel')
 4 APPPATH\Controllers\proveedorController.php(10): CodeIgniter\Autoloader\Autoloader->loadClass('App\\Models\\proveedorModel')
 5 SYSTEMPATH\CodeIgniter.php(942): App\Controllers\proveedorController->index()
 6 SYSTEMPATH\CodeIgniter.php(502): CodeIgniter\CodeIgniter->runController(Object(App\Controllers\proveedorController))
 7 SYSTEMPATH\CodeIgniter.php(361): CodeIgniter\CodeIgniter->handleRequest(null, Object(Config\Cache), false)
 8 FCPATH\index.php(79): CodeIgniter\CodeIgniter->run()
CRITICAL - 2024-01-25 01:07:31 --> Class "codeigniter\Model" not found
in APPPATH\Models\proveedorModel.php on line 6.
 1 SYSTEMPATH\Autoloader\Autoloader.php(312): include_once()
 2 SYSTEMPATH\Autoloader\Autoloader.php(291): CodeIgniter\Autoloader\Autoloader->includeFile('C:\\xampp\\htdocs\\api\\app\\Models\\proveedorModel.php')
 3 SYSTEMPATH\Autoloader\Autoloader.php(269): CodeIgniter\Autoloader\Autoloader->loadInNamespace('App\\Models\\proveedorModel')
 4 APPPATH\Controllers\proveedorController.php(10): CodeIgniter\Autoloader\Autoloader->loadClass('App\\Models\\proveedorModel')
 5 SYSTEMPATH\CodeIgniter.php(942): App\Controllers\proveedorController->index()
 6 SYSTEMPATH\CodeIgniter.php(502): CodeIgniter\CodeIgniter->runController(Object(App\Controllers\proveedorController))
 7 SYSTEMPATH\CodeIgniter.php(361): CodeIgniter\CodeIgniter->handleRequest(null, Object(Config\Cache), false)
 8 FCPATH\index.php(79): CodeIgniter\CodeIgniter->run()
CRITICAL - 2024-01-25 01:07:31 --> Class "codeigniter\Model" not found
in APPPATH\Models\proveedorModel.php on line 6.
 1 SYSTEMPATH\Autoloader\Autoloader.php(312): include_once()
 2 SYSTEMPATH\Autoloader\Autoloader.php(291): CodeIgniter\Autoloader\Autoloader->includeFile('C:\\xampp\\htdocs\\api\\app\\Models\\proveedorModel.php')
 3 SYSTEMPATH\Autoloader\Autoloader.php(269): CodeIgniter\Autoloader\Autoloader->loadInNamespace('App\\Models\\proveedorModel')
 4 APPPATH\Controllers\proveedorController.php(10): CodeIgniter\Autoloader\Autoloader->loadClass('App\\Models\\proveedorModel')
 5 SYSTEMPATH\CodeIgniter.php(942): App\Controllers\proveedorController->index()
 6 SYSTEMPATH\CodeIgniter.php(502): CodeIgniter\CodeIgniter->runController(Object(App\Controllers\proveedorController))
 7 SYSTEMPATH\CodeIgniter.php(361): CodeIgniter\CodeIgniter->handleRequest(null, Object(Config\Cache), false)
 8 FCPATH\index.php(79): CodeIgniter\CodeIgniter->run()
ERROR - 2024-01-25 01:13:12 --> mysqli_sql_exception: Table 'bdd_pymes.proveedor' doesn't exist in C:\xampp\htdocs\api\system\Database\MySQLi\Connection.php:306
Stack trace:
#0 C:\xampp\htdocs\api\system\Database\MySQLi\Connection.php(306): mysqli->query('SELECT * FROM p...', 0)
#1 C:\xampp\htdocs\api\system\Database\BaseConnection.php(693): CodeIgniter\Database\MySQLi\Connection->execute('SELECT * FROM p...')
#2 C:\xampp\htdocs\api\system\Database\BaseConnection.php(607): CodeIgniter\Database\BaseConnection->simpleQuery('SELECT * FROM p...')
#3 C:\xampp\htdocs\api\app\Models\proveedorModel.php(20): CodeIgniter\Database\BaseConnection->query('SELECT * FROM p...')
#4 C:\xampp\htdocs\api\app\Controllers\proveedorController.php(11): App\Models\proveedorModel->obtenerProveedor()
#5 C:\xampp\htdocs\api\system\CodeIgniter.php(942): App\Controllers\proveedorController->index()
#6 C:\xampp\htdocs\api\system\CodeIgniter.php(502): CodeIgniter\CodeIgniter->runController(Object(App\Controllers\proveedorController))
#7 C:\xampp\htdocs\api\system\CodeIgniter.php(361): CodeIgniter\CodeIgniter->handleRequest(NULL, Object(Config\Cache), false)
#8 C:\xampp\htdocs\api\index.php(79): CodeIgniter\CodeIgniter->run()
#9 {main}
CRITICAL - 2024-01-25 01:13:12 --> Table 'bdd_pymes.proveedor' doesn't exist
in SYSTEMPATH\Database\BaseConnection.php on line 647.
 1 APPPATH\Models\proveedorModel.php(20): CodeIgniter\Database\BaseConnection->query('SELECT * FROM proveedor')
 2 APPPATH\Controllers\proveedorController.php(11): App\Models\proveedorModel->obtenerProveedor()
 3 SYSTEMPATH\CodeIgniter.php(942): App\Controllers\proveedorController->index()
 4 SYSTEMPATH\CodeIgniter.php(502): CodeIgniter\CodeIgniter->runController(Object(App\Controllers\proveedorController))
 5 SYSTEMPATH\CodeIgniter.php(361): CodeIgniter\CodeIgniter->handleRequest(null, Object(Config\Cache), false)
 6 FCPATH\index.php(79): CodeIgniter\CodeIgniter->run()
ERROR - 2024-01-25 01:13:13 --> mysqli_sql_exception: Table 'bdd_pymes.proveedor' doesn't exist in C:\xampp\htdocs\api\system\Database\MySQLi\Connection.php:306
Stack trace:
#0 C:\xampp\htdocs\api\system\Database\MySQLi\Connection.php(306): mysqli->query('SELECT * FROM p...', 0)
#1 C:\xampp\htdocs\api\system\Database\BaseConnection.php(693): CodeIgniter\Database\MySQLi\Connection->execute('SELECT * FROM p...')
#2 C:\xampp\htdocs\api\system\Database\BaseConnection.php(607): CodeIgniter\Database\BaseConnection->simpleQuery('SELECT * FROM p...')
#3 C:\xampp\htdocs\api\app\Models\proveedorModel.php(20): CodeIgniter\Database\BaseConnection->query('SELECT * FROM p...')
#4 C:\xampp\htdocs\api\app\Controllers\proveedorController.php(11): App\Models\proveedorModel->obtenerProveedor()
#5 C:\xampp\htdocs\api\system\CodeIgniter.php(942): App\Controllers\proveedorController->index()
#6 C:\xampp\htdocs\api\system\CodeIgniter.php(502): CodeIgniter\CodeIgniter->runController(Object(App\Controllers\proveedorController))
#7 C:\xampp\htdocs\api\system\CodeIgniter.php(361): CodeIgniter\CodeIgniter->handleRequest(NULL, Object(Config\Cache), false)
#8 C:\xampp\htdocs\api\index.php(79): CodeIgniter\CodeIgniter->run()
#9 {main}
CRITICAL - 2024-01-25 01:13:13 --> Table 'bdd_pymes.proveedor' doesn't exist
in SYSTEMPATH\Database\BaseConnection.php on line 647.
 1 APPPATH\Models\proveedorModel.php(20): CodeIgniter\Database\BaseConnection->query('SELECT * FROM proveedor')
 2 APPPATH\Controllers\proveedorController.php(11): App\Models\proveedorModel->obtenerProveedor()
 3 SYSTEMPATH\CodeIgniter.php(942): App\Controllers\proveedorController->index()
 4 SYSTEMPATH\CodeIgniter.php(502): CodeIgniter\CodeIgniter->runController(Object(App\Controllers\proveedorController))
 5 SYSTEMPATH\CodeIgniter.php(361): CodeIgniter\CodeIgniter->handleRequest(null, Object(Config\Cache), false)
 6 FCPATH\index.php(79): CodeIgniter\CodeIgniter->run()
